TN:
SF:src/collection.ts
FN:25,firstOrDefault
FN:29,groupBy
FN:46,sum
FN:55,average
FNF:4
FNH:4
FNDA:3,firstOrDefault
FNDA:1,groupBy
FNDA:2,sum
FNDA:2,average
DA:25,1
DA:26,3
DA:27,3
DA:29,1
DA:33,1
DA:34,1
DA:35,3
DA:36,3
DA:37,3
DA:38,2
DA:40,1
DA:43,1
DA:46,1
DA:47,2
DA:48,1
DA:49,1
DA:50,3
DA:52,1
DA:55,1
DA:56,2
DA:57,1
DA:58,1
DA:59,3
DA:61,1
LF:24
LH:24
BRDA:26,0,0,0
BRDA:26,0,1,3
BRDA:27,1,0,1
BRDA:27,1,1,2
BRDA:37,2,0,2
BRDA:37,2,1,1
BRDA:47,3,0,1
BRDA:47,3,1,1
BRDA:47,4,0,2
BRDA:47,4,1,2
BRDA:56,5,0,1
BRDA:56,5,1,1
BRDA:56,6,0,2
BRDA:56,6,1,2
BRF:14
BRH:13
end_of_record
TN:
SF:src/datetime.ts
FN:39,(anonymous_0)
FN:50,(anonymous_1)
FN:61,(anonymous_2)
FN:69,(anonymous_3)
FN:75,(anonymous_4)
FN:79,(anonymous_5)
FNF:6
FNH:5
FNDA:1,(anonymous_0)
FNDA:3,(anonymous_1)
FNDA:2,(anonymous_2)
FNDA:0,(anonymous_3)
FNDA:3,(anonymous_4)
FNDA:3,(anonymous_5)
DA:37,1
DA:38,1
DA:40,1
DA:41,1
DA:42,1
DA:48,1
DA:49,1
DA:51,3
DA:52,3
DA:59,1
DA:60,1
DA:62,2
DA:69,1
DA:70,0
DA:71,0
DA:72,0
DA:75,1
DA:76,3
DA:79,1
DA:80,3
LF:20
LH:17
BRDA:37,0,0,1
BRDA:37,0,1,0
BRDA:48,1,0,1
BRDA:48,1,1,0
BRDA:52,2,0,3
BRDA:52,2,1,2
BRDA:59,3,0,1
BRDA:59,3,1,0
BRF:8
BRH:5
end_of_record
TN:
SF:src/extensions.ts
FN:29,(anonymous_0)
FN:38,(anonymous_1)
FN:50,(anonymous_2)
FNF:3
FNH:3
FNDA:1,(anonymous_0)
FNDA:6,(anonymous_1)
FNDA:4,(anonymous_2)
DA:27,1
DA:28,1
DA:30,1
DA:36,1
DA:37,1
DA:39,6
DA:40,6
DA:41,2
DA:42,0
DA:48,1
DA:49,1
DA:51,4
DA:52,4
LF:13
LH:12
BRDA:27,0,0,1
BRDA:27,0,1,0
BRDA:36,1,0,1
BRDA:36,1,1,0
BRDA:39,2,0,0
BRDA:39,2,1,6
BRDA:40,3,0,4
BRDA:40,3,1,2
BRDA:40,4,0,6
BRDA:40,4,1,4
BRDA:41,5,0,2
BRDA:41,5,1,0
BRDA:48,6,0,1
BRDA:48,6,1,0
BRDA:52,7,0,4
BRDA:52,7,1,4
BRDA:52,7,2,2
BRF:17
BRH:12
end_of_record
TN:
SF:src/math.ts
FN:15,(anonymous_0)
FN:19,round
FN:25,isEven
FN:29,isOdd
FNF:4
FNH:4
FNDA:2,(anonymous_0)
FNDA:4,round
FNDA:3,isEven
FNDA:2,isOdd
DA:15,1
DA:16,2
DA:19,1
DA:20,4
DA:21,4
DA:25,1
DA:26,3
DA:29,1
DA:30,2
LF:9
LH:9
BRDA:19,0,0,2
BRF:1
BRH:1
end_of_record
TN:
SF:src/string.ts
FN:38,(anonymous_0)
FN:42,(anonymous_1)
FN:59,(anonymous_2)
FNF:3
FNH:3
FNDA:2,(anonymous_0)
FNDA:2,(anonymous_1)
FNDA:2,(anonymous_2)
DA:38,1
DA:39,2
DA:42,1
DA:43,2
DA:44,2
DA:45,2
DA:46,1
DA:47,1
DA:48,1
DA:49,1
DA:51,0
DA:52,0
DA:54,0
DA:56,1
DA:59,1
DA:60,2
DA:61,2
DA:62,2
DA:63,1
DA:64,1
DA:65,1
DA:66,1
DA:68,0
DA:69,0
DA:71,0
DA:73,1
LF:26
LH:20
BRDA:45,0,0,1
BRDA:45,0,1,1
BRDA:46,1,0,0
BRDA:46,1,1,1
BRDA:46,2,0,1
BRDA:46,2,1,1
BRDA:48,3,0,1
BRDA:48,3,1,0
BRDA:62,4,0,1
BRDA:62,4,1,1
BRDA:63,5,0,0
BRDA:63,5,1,1
BRDA:63,6,0,1
BRDA:63,6,1,1
BRDA:65,7,0,1
BRDA:65,7,1,0
BRF:16
BRH:12
end_of_record
